<?xml version="1.0" encoding="UTF-8"?>
<!-- Generated by org.testng.reporters.JUnitReportReporter -->
<testsuite skipped="0" hostname="new-PC" name="test.p" tests="1" failures="0" timestamp="12 Jun 2018 07:25:10 GMT" time="9.652" errors="0">
  <testcase name="u" time="9.652" classname="test.p"/>
</testsuite> <!-- test.p -->
